27/05/2022 | 14:51:54 sudokou reloaded the Parkour config
27/05/2022 | 14:52:40 lobby course was deleted by sudokou
27/05/2022 | 14:53:55 lobby ready status was set to true by sudokou
27/05/2022 | 14:56:51 sudokou reloaded the Parkour config
27/05/2022 | 14:56:53 sudokou reloaded the Parkour config
27/05/2022 | 14:56:58 sudokou reloaded the Parkour config
27/05/2022 | 14:59:36 sudokou reloaded the Parkour config
27/05/2022 | 15:00:47 lobby course was deleted by sudokou
27/05/2022 | 15:01:23 AutoStart at -35-64-10 was deleted by sudokou
27/05/2022 | 15:02:00 sudokou reloaded the Parkour config
27/05/2022 | 15:02:05 lobby course was deleted by sudokou
27/05/2022 | 15:02:12 AutoStart at -35-64-10 was deleted by sudokou
27/05/2022 | 15:03:03 sudokou reloaded the Parkour config
27/05/2022 | 15:04:13 sudokou reloaded the Parkour config
27/05/2022 | 15:04:31 lobby start location was reset by sudokou
27/05/2022 | 15:04:40 lobby ready status was set to true by sudokou
27/05/2022 | 15:05:59 sudokou reloaded the Parkour config
27/05/2022 | 15:06:34 sudokou reloaded the Parkour config
27/05/2022 | 15:07:26 default lobby was set by sudokou
27/05/2022 | 15:12:42 sudokou reloaded the Parkour config
27/05/2022 | 15:13:35 sudokou reloaded the Parkour config
27/05/2022 | 15:14:47 sudokou reloaded the Parkour config
27/05/2022 | 15:15:11 sudokou reloaded the Parkour config
27/05/2022 | 15:15:32 sudokou reloaded the Parkour config
27/05/2022 | 15:24:58 Courses recreated: 1
27/05/2022 | 15:27:11 sudokou reloaded the Parkour config
29/05/2022 | 16:23:07 sudokou reloaded the Parkour config
